<?xml version="1.0" encoding="UTF-8"?>
<testng-results ignored="0" total="1" passed="1" failed="0" skipped="0">
  <reporter-output>
  </reporter-output>
  <suite started-at="2024-09-29T14:05:22 IST" name="Default suite" finished-at="2024-09-29T14:06:06 IST" duration-ms="43803">
    <groups>
      <group name="cucumber">
        <method signature="AbstractTestNGCucumberTests.runScenario(io.cucumber.testng.PickleWrapper,io.cucumber.testng.FeatureWrapper)[pri:0, instance:webApp.runner.ApplicationRunner@4a83a74a]" name="runScenario" class="io.cucumber.testng.AbstractTestNGCucumberTests"/>
      </group> <!-- cucumber -->
    </groups>
    <test started-at="2024-09-29T14:05:22 IST" name="Default test" finished-at="2024-09-29T14:06:06 IST" duration-ms="43803">
      <class name="webApp.runner.ApplicationRunner">
        <test-method is-config="true" signature="setUpClass(org.testng.ITestContext)[pri:0, instance:webApp.runner.ApplicationRunner@4a83a74a]" started-at="2024-09-29T14:05:22 IST" name="setUpClass" finished-at="2024-09-29T14:05:22 IST" duration-ms="333" status="PASS">
          <params>
            <param index="0">
              <value>
                <![CDATA[org.testng.TestRunner@1e000a17]]>
              </value>
            </param>
          </params>
          <reporter-output>
          </reporter-output>
        </test-method> <!-- setUpClass -->
        <test-method signature="runScenario(io.cucumber.testng.PickleWrapper,io.cucumber.testng.FeatureWrapper)[pri:0, instance:webApp.runner.ApplicationRunner@4a83a74a]" started-at="2024-09-29T14:05:22 IST" name="runScenario" description="Runs Cucumber Scenarios" data-provider="scenarios" finished-at="2024-09-29T14:06:02 IST" duration-ms="39488" status="PASS">
          <params>
            <param index="0">
              <value>
                <![CDATA["verify add farm"]]>
              </value>
            </param>
            <param index="1">
              <value>
                <![CDATA["Optional[add farm feature]"]]>
              </value>
            </param>
          </params>
          <reporter-output>
          </reporter-output>
        </test-method> <!-- runScenario -->
        <test-method is-config="true" signature="tearDownClass()[pri:0, instance:webApp.runner.ApplicationRunner@4a83a74a]" started-at="2024-09-29T14:06:02 IST" name="tearDownClass" finished-at="2024-09-29T14:06:06 IST" duration-ms="3964" status="PASS">
          <reporter-output>
          </reporter-output>
        </test-method> <!-- tearDownClass -->
      </class> <!-- webApp.runner.ApplicationRunner -->
    </test> <!-- Default test -->
  </suite> <!-- Default suite -->
</testng-results>
